[19-Sep-2024 08:01:12 UTC] Automatic updates starting...
[19-Sep-2024 08:01:13 UTC] Automatic updates complete.
[19-Sep-2024 08:13:26 UTC] CSS enqueued
[19-Sep-2024 08:21:03 UTC] CSS enqueued
[19-Sep-2024 08:21:14 UTC] CSS enqueued
[19-Sep-2024 08:21:15 UTC] CSS enqueued
[19-Sep-2024 08:21:35 UTC] CSS enqueued
[19-Sep-2024 08:21:39 UTC] CSS enqueued
[19-Sep-2024 08:21:48 UTC] CSS enqueued
[19-Sep-2024 08:21:53 UTC] CSS enqueued
[19-Sep-2024 08:21:58 UTC] CSS enqueued
[19-Sep-2024 08:33:26 UTC] CSS enqueued
[19-Sep-2024 08:33:37 UTC] CSS enqueued
[19-Sep-2024 08:33:56 UTC] CSS enqueued
[19-Sep-2024 08:35:32 UTC] CSS enqueued
[19-Sep-2024 08:36:50 UTC] CSS enqueued
[19-Sep-2024 08:37:12 UTC] CSS enqueued
[19-Sep-2024 08:37:24 UTC] CSS enqueued
[19-Sep-2024 08:37:53 UTC] CSS enqueued
[19-Sep-2024 08:38:06 UTC] CSS enqueued
[19-Sep-2024 08:38:22 UTC] CSS enqueued
[19-Sep-2024 08:38:32 UTC] CSS enqueued
[19-Sep-2024 08:38:44 UTC] CSS enqueued
[19-Sep-2024 08:38:55 UTC] CSS enqueued
[19-Sep-2024 08:43:24 UTC] CSS enqueued
[19-Sep-2024 08:44:02 UTC] CSS enqueued
[19-Sep-2024 08:44:02 UTC] CSS enqueued
[19-Sep-2024 08:44:18 UTC] CSS enqueued
[19-Sep-2024 08:48:53 UTC] CSS enqueued
[19-Sep-2024 08:48:53 UTC] CSS enqueued
[19-Sep-2024 08:49:03 UTC] CSS enqueued
[19-Sep-2024 08:49:03 UTC] CSS enqueued
[19-Sep-2024 08:49:03 UTC] CSS enqueued
[19-Sep-2024 08:49:04 UTC] CSS enqueued
[19-Sep-2024 08:49:04 UTC] CSS enqueued
[19-Sep-2024 08:49:04 UTC] CSS enqueued
[19-Sep-2024 08:49:07 UTC] CSS enqueued
[19-Sep-2024 08:49:07 UTC] CSS enqueued
[19-Sep-2024 08:49:07 UTC] CSS enqueued
[19-Sep-2024 08:49:13 UTC] CSS enqueued
[19-Sep-2024 08:49:13 UTC] CSS enqueued
[19-Sep-2024 08:49:13 UTC] CSS enqueued
[19-Sep-2024 08:49:15 UTC] CSS enqueued
[19-Sep-2024 08:49:15 UTC] CSS enqueued
[19-Sep-2024 08:49:15 UTC] CSS enqueued
[19-Sep-2024 08:49:57 UTC] CSS enqueued
[19-Sep-2024 08:49:57 UTC] CSS enqueued
[19-Sep-2024 08:49:57 UTC] CSS enqueued
[19-Sep-2024 08:49:58 UTC] CSS enqueued
[19-Sep-2024 08:49:58 UTC] CSS enqueued
[19-Sep-2024 08:49:58 UTC] CSS enqueued
[19-Sep-2024 08:50:11 UTC] CSS enqueued
[19-Sep-2024 08:50:11 UTC] CSS enqueued
[19-Sep-2024 09:05:46 UTC] CSS enqueued
[19-Sep-2024 09:05:46 UTC] CSS enqueued
[19-Sep-2024 09:05:47 UTC] CSS enqueued
[19-Sep-2024 09:05:47 UTC] CSS enqueued
[19-Sep-2024 09:06:00 UTC] CSS enqueued
[19-Sep-2024 09:06:00 UTC] CSS enqueued
[19-Sep-2024 09:06:02 UTC] CSS enqueued
[19-Sep-2024 09:06:02 UTC] CSS enqueued
[19-Sep-2024 09:06:20 UTC] CSS enqueued
[19-Sep-2024 09:06:33 UTC] CSS enqueued
[19-Sep-2024 09:46:13 UTC] CSS enqueued
[19-Sep-2024 09:46:25 UTC] CSS enqueued
[19-Sep-2024 09:46:34 UTC] CSS enqueued
[19-Sep-2024 09:46:42 UTC] CSS enqueued
[19-Sep-2024 09:47:02 UTC] CSS enqueued
[19-Sep-2024 09:47:25 UTC] CSS enqueued
[19-Sep-2024 10:04:39 UTC] CSS enqueued
[19-Sep-2024 10:04:51 UTC] CSS enqueued
[19-Sep-2024 10:04:52 UTC] CSS enqueued
[19-Sep-2024 10:05:49 UTC] CSS enqueued
[19-Sep-2024 10:05:50 UTC] CSS enqueued
[19-Sep-2024 10:06:32 UTC] CSS enqueued
[19-Sep-2024 10:06:56 UTC] CSS enqueued
[19-Sep-2024 10:07:12 UTC] CSS enqueued
[19-Sep-2024 10:08:01 UTC] CSS enqueued
[19-Sep-2024 10:08:34 UTC] CSS enqueued
[19-Sep-2024 10:10:07 UTC] CSS enqueued
[19-Sep-2024 10:10:39 UTC] CSS enqueued
[19-Sep-2024 10:10:40 UTC] CSS enqueued
[19-Sep-2024 10:10:46 UTC] CSS enqueued
[19-Sep-2024 10:11:03 UTC] CSS enqueued
[19-Sep-2024 10:11:16 UTC] CSS enqueued
[19-Sep-2024 10:11:48 UTC] CSS enqueued
[19-Sep-2024 10:12:16 UTC] CSS enqueued
[19-Sep-2024 10:12:20 UTC] CSS enqueued
[19-Sep-2024 10:12:21 UTC] CSS enqueued
[19-Sep-2024 10:12:23 UTC] CSS enqueued
[19-Sep-2024 10:12:25 UTC] CSS enqueued
[19-Sep-2024 10:12:26 UTC] CSS enqueued
[19-Sep-2024 10:12:28 UTC] CSS enqueued
[19-Sep-2024 10:13:02 UTC] CSS enqueued
[19-Sep-2024 10:13:17 UTC] CSS enqueued
[19-Sep-2024 10:13:18 UTC] CSS enqueued
[19-Sep-2024 10:36:24 UTC] CSS enqueued
[19-Sep-2024 10:36:25 UTC] CSS enqueued
[19-Sep-2024 10:36:36 UTC] CSS enqueued
[19-Sep-2024 10:36:41 UTC] CSS enqueued
[19-Sep-2024 11:08:17 UTC] CSS enqueued
[19-Sep-2024 11:08:17 UTC] Automatic updates starting...
[19-Sep-2024 11:08:18 UTC] Automatic updates complete.
[19-Sep-2024 11:08:43 UTC] CSS enqueued
[19-Sep-2024 11:46:18 UTC] CSS enqueued
[19-Sep-2024 11:47:26 UTC] CSS enqueued
[19-Sep-2024 11:48:01 UTC] CSS enqueued
[19-Sep-2024 15:09:50 UTC] CSS enqueued
[19-Sep-2024 15:22:35 UTC] CSS enqueued
[19-Sep-2024 15:22:40 UTC] CSS enqueued
[19-Sep-2024 15:24:18 UTC] CSS enqueued
[19-Sep-2024 15:24:19 UTC] CSS enqueued
[19-Sep-2024 15:25:16 UTC] CSS enqueued
[19-Sep-2024 15:38:04 UTC] JS enqueued
[19-Sep-2024 15:39:00 UTC] JS enqueued
[19-Sep-2024 15:41:05 UTC] http://localhost:10039/wp-content/themes/P11_photos/js/script.js
[19-Sep-2024 15:41:06 UTC] http://localhost:10039/wp-content/themes/P11_photos/js/script.js
[19-Sep-2024 15:41:25 UTC] JS enqueued
[19-Sep-2024 15:41:26 UTC] JS enqueued
[20-Sep-2024 13:51:34 UTC] Automatic updates starting...
[20-Sep-2024 13:51:36 UTC] Automatic updates complete.
[21-Sep-2024 10:08:07 UTC] Automatic updates starting...
[21-Sep-2024 10:08:08 UTC] Automatic updates complete.
[21-Sep-2024 11:02:53 UTC] Automatic updates starting...
[21-Sep-2024 11:02:53 UTC] Automatic updates complete.
[22-Sep-2024 13:04:25 UTC] Automatic updates starting...
[22-Sep-2024 13:04:27 UTC] Automatic updates complete.
[23-Sep-2024 09:24:43 UTC] Automatic updates starting...
[23-Sep-2024 09:24:44 UTC] Automatic updates complete.
